Traceback (most recent call last):
  File "mygame.py", line 5, in <module>
  File "C:\2DGraphics\sss\game_framework.py", line 85, in run
    start_state.enter()
  File "C:\2DGraphics\sss\flight_start_state.py", line 13, in enter
    image = load_image('kpu_credit.png')
  File "C:\Python34\lib\site-packages\pico2d.py", line 257, in load_image
    raise IOError
OSError
Traceback (most recent call last):
  File "mygame.py", line 5, in <module>
  File "C:\2DGraphics\sss\game_framework.py", line 88, in run
    stack[-1].update()
  File "C:\2DGraphics\sss\flight_main_spring.py", line 630, in update
    game_framework.push_state(gameover_state)
  File "C:\2DGraphics\sss\game_framework.py", line 58, in push_state
    state.enter()
  File "C:\2DGraphics\sss\gameover_state.py", line 16, in enter
    sound3 = load_music('game_over.mp3')
  File "C:\Python34\lib\site-packages\pico2d.py", line 353, in load_music
    raise IOError
OSError
